[2019-09-21 10:49:06.916] [exthost] [info] extension host started
[2019-09-21 10:49:07.617] [exthost] [info] extension host started
[2019-09-21 10:49:07.638] [exthost] [info] ExtensionService#_doActivateExtension christian-kohler.path-intellisense {"startup":true,"activationEvent":"*"}
[2019-09-21 10:49:07.638] [exthost] [info] ExtensionService#loadCommonJSModule C:\Users\ksm10\.codemix\extensions\christian-kohler.path-intellisense-1.4.2\out\src\extension
[2019-09-21 10:49:07.736] [exthost] [info] ExtensionService#_doActivateExtension dbaeumer.vscode-eslint {"startup":true,"activationEvent":"*"}
[2019-09-21 10:49:07.736] [exthost] [info] ExtensionService#loadCommonJSModule C:\Users\ksm10\.codemix\extensions\dbaeumer.vscode-eslint-1.9.0\client\out\extension
[2019-09-21 10:49:07.821] [exthost] [info] ExtensionService#_doActivateExtension vscode.debug-auto-launch {"startup":true,"activationEvent":"*"}
[2019-09-21 10:49:07.821] [exthost] [info] ExtensionService#loadCommonJSModule c:\Users\ksm10\.p2\pool\plugins\com.genuitec.eclipse.code.engine.app.win32.x86_64_3.4.0.201908201543\engine\resources\app\extensions\debug-auto-launch\dist\extension
[2019-09-21 10:49:07.849] [exthost] [info] ExtensionService#_doActivateExtension vscode.emmet {"startup":true,"activationEvent":"*"}
[2019-09-21 10:49:07.849] [exthost] [info] ExtensionService#loadCommonJSModule c:\Users\ksm10\.p2\pool\plugins\com.genuitec.eclipse.code.engine.app.win32.x86_64_3.4.0.201908201543\engine\resources\app\extensions\emmet\dist\extension
[2019-09-21 10:49:07.926] [exthost] [info] ExtensionService#_doActivateExtension formulahendry.auto-close-tag {"startup":true,"activationEvent":"*"}
[2019-09-21 10:49:07.926] [exthost] [info] ExtensionService#loadCommonJSModule C:\Users\ksm10\.codemix\extensions\formulahendry.auto-close-tag-0.5.6\out\src\extension
[2019-09-21 10:49:07.937] [exthost] [info] ExtensionService#_doActivateExtension HookyQR.beautify {"startup":true,"activationEvent":"*"}
[2019-09-21 10:49:07.937] [exthost] [info] ExtensionService#loadCommonJSModule C:\Users\ksm10\.p2\pool\plugins\com.genuitec.eclipse.code.extensions.core.win32.x86_64_3.4.0.201908201454\extensions\hookyqr.beautify-1.4.11\extension
[2019-09-21 10:49:08.474] [exthost] [info] ExtensionService#_doActivateExtension vscode.grunt {"startup":false,"activationEvent":"onCommand:workbench.action.tasks.runTask"}
[2019-09-21 10:49:08.474] [exthost] [info] ExtensionService#loadCommonJSModule c:\Users\ksm10\.p2\pool\plugins\com.genuitec.eclipse.code.engine.app.win32.x86_64_3.4.0.201908201543\engine\resources\app\extensions\grunt\dist\main
[2019-09-21 10:49:08.511] [exthost] [info] ExtensionService#_doActivateExtension vscode.gulp {"startup":false,"activationEvent":"onCommand:workbench.action.tasks.runTask"}
[2019-09-21 10:49:08.511] [exthost] [info] ExtensionService#loadCommonJSModule c:\Users\ksm10\.p2\pool\plugins\com.genuitec.eclipse.code.engine.app.win32.x86_64_3.4.0.201908201543\engine\resources\app\extensions\gulp\dist\main
[2019-09-21 10:49:08.596] [exthost] [info] ExtensionService#_doActivateExtension vscode.jake {"startup":false,"activationEvent":"onCommand:workbench.action.tasks.runTask"}
[2019-09-21 10:49:08.596] [exthost] [info] ExtensionService#loadCommonJSModule c:\Users\ksm10\.p2\pool\plugins\com.genuitec.eclipse.code.engine.app.win32.x86_64_3.4.0.201908201543\engine\resources\app\extensions\jake\dist\main
[2019-09-21 10:49:08.652] [exthost] [info] ExtensionService#_doActivateExtension vscode.npm {"startup":false,"activationEvent":"onCommand:workbench.action.tasks.runTask"}
[2019-09-21 10:49:08.652] [exthost] [info] ExtensionService#loadCommonJSModule c:\Users\ksm10\.p2\pool\plugins\com.genuitec.eclipse.code.engine.app.win32.x86_64_3.4.0.201908201543\engine\resources\app\extensions\npm\dist\main
[2019-09-21 10:49:08.739] [exthost] [info] ExtensionService#_doActivateExtension vscode.typescript-language-features {"startup":false,"activationEvent":"onCommand:workbench.action.tasks.runTask"}
[2019-09-21 10:49:08.739] [exthost] [info] ExtensionService#loadCommonJSModule c:\Users\ksm10\.p2\pool\plugins\com.genuitec.eclipse.code.engine.app.win32.x86_64_3.4.0.201908201543\engine\resources\app\extensions\typescript-language-features\dist\extension
[2019-09-21 10:49:08.982] [exthost] [info] eager extensions activated
[2019-09-21 10:49:09.004] [exthost] [info] ExtensionService#_doActivateExtension vscode.html-language-features {"startup":false,"activationEvent":"onLanguage:html"}
[2019-09-21 10:49:09.004] [exthost] [info] ExtensionService#loadCommonJSModule c:\Users\ksm10\.p2\pool\plugins\com.genuitec.eclipse.code.engine.app.win32.x86_64_3.4.0.201908201543\engine\resources\app\extensions\html-language-features\client\dist\htmlMain
[2019-09-21 10:49:09.178] [exthost] [info] ExtensionService#_doActivateExtension mkaufman.HTMLHint {"startup":false,"activationEvent":"onLanguage:html"}
[2019-09-21 10:49:09.178] [exthost] [info] ExtensionService#loadCommonJSModule C:\Users\ksm10\.codemix\extensions\mkaufman.htmlhint-0.6.0\out\extension
